<?xml version="1.0" encoding="UTF-8"?>
<!-- Generated by org.testng.reporters.JUnitReportReporter -->
<testsuite hostname="Mac.lan" failures="0" tests="5" name="com.opencart.test.RegisterTest" time="33.624" errors="0" timestamp="2025-12-01T03:39:56 COT" skipped="0">
  <testcase classname="com.opencart.test.RegisterTest" name="registroUsuarioExitoso" time="4.631"/>
  <testcase classname="com.opencart.test.RegisterTest" name="registroUsuarioExitoso" time="15.319"/>
  <testcase classname="com.opencart.test.RegisterTest" name="registroUsuarioExitoso" time="4.600"/>
  <testcase classname="com.opencart.test.RegisterTest" name="registroUsuarioExitoso" time="4.541"/>
  <testcase classname="com.opencart.test.RegisterTest" name="registroUsuarioExitoso" time="4.533"/>
</testsuite> <!-- com.opencart.test.RegisterTest -->
