<?xml version="1.0" encoding="UTF-8"?>
<!-- Generated by org.testng.reporters.JUnitReportReporter -->
<testsuite hostname="Mac.lan" failures="0" tests="3" name="com.opencart.test.LoginTest" time="23.797" errors="0" timestamp="2025-12-01T03:45:59 COT" skipped="0">
  <testcase classname="com.opencart.test.LoginTest" name="loginTest" time="4.063"/>
  <testcase classname="com.opencart.test.LoginTest" name="loginTest" time="15.560"/>
  <testcase classname="com.opencart.test.LoginTest" name="loginTest" time="4.174"/>
</testsuite> <!-- com.opencart.test.LoginTest -->
