<?xml version="1.0" encoding="UTF-8"?>
<!-- Generated by org.testng.reporters.JUnitReportReporter -->
<testsuite hostname="Mac.lan" failures="0" tests="3" name="com.opencart.test.LoginTest" time="23.874" errors="0" timestamp="2025-12-01T02:50:14 COT" skipped="0">
  <testcase classname="com.opencart.test.LoginTest" name="loginTest" time="5.029"/>
  <testcase classname="com.opencart.test.LoginTest" name="loginTest" time="14.673"/>
  <testcase classname="com.opencart.test.LoginTest" name="loginTest" time="4.172"/>
</testsuite> <!-- com.opencart.test.LoginTest -->
