<?xml version="1.0" encoding="UTF-8"?>
<!-- Generated by org.testng.reporters.JUnitReportReporter -->
<testsuite hostname="Mac.lan" failures="0" tests="4" name="com.opencart.test.RegisterTest" time="29.969" errors="0" timestamp="2025-12-01T02:30:01 COT" skipped="0">
  <testcase classname="com.opencart.test.RegisterTest" name="registroUsuarioExitoso" time="4.517"/>
  <testcase classname="com.opencart.test.RegisterTest" name="registroUsuarioExitoso" time="16.008"/>
  <testcase classname="com.opencart.test.RegisterTest" name="registroUsuarioExitoso" time="4.634"/>
  <testcase classname="com.opencart.test.RegisterTest" name="registroUsuarioExitoso" time="4.810"/>
</testsuite> <!-- com.opencart.test.RegisterTest -->
