<?xml version="1.0" encoding="UTF-8"?>
<testng-results ignored="0" total="1" passed="1" failed="0" skipped="0">
  <reporter-output>
  </reporter-output>
  <suite started-at="2025-12-01T03:03:20 COT" name="Surefire suite" finished-at="2025-12-01T03:03:28 COT" duration-ms="7718">
    <groups>
    </groups>
    <test started-at="2025-12-01T03:03:20 COT" name="Surefire test" finished-at="2025-12-01T03:03:28 COT" duration-ms="7718">
      <class name="com.opencart.test.CartVerificationTest">
        <test-method is-config="true" signature="setup()[pri:0, instance:com.opencart.test.CartVerificationTest@23a5fd2]" started-at="2025-12-01T03:03:20 COT" name="setup" finished-at="2025-12-01T03:03:25 COT" duration-ms="4484" status="PASS">
          <reporter-output>
          </reporter-output>
        </test-method> <!-- setup -->
        <test-method signature="verificarProductosEnCarrito()[pri:0, instance:com.opencart.test.CartVerificationTest@23a5fd2]" started-at="2025-12-01T03:03:25 COT" name="verificarProductosEnCarrito" finished-at="2025-12-01T03:03:28 COT" duration-ms="3141" status="PASS">
          <reporter-output>
          </reporter-output>
        </test-method> <!-- verificarProductosEnCarrito -->
        <test-method is-config="true" signature="tearDown()[pri:0, instance:com.opencart.test.CartVerificationTest@23a5fd2]" started-at="2025-12-01T03:03:28 COT" name="tearDown" finished-at="2025-12-01T03:03:28 COT" duration-ms="85" status="PASS">
          <reporter-output>
          </reporter-output>
        </test-method> <!-- tearDown -->
      </class> <!-- com.opencart.test.CartVerificationTest -->
    </test> <!-- Surefire test -->
  </suite> <!-- Surefire suite -->
</testng-results>
